<?xml version="1.0" encoding="UTF-8"?>
<coverage generated="1660450327970" clover="3.2.0">
  <project timestamp="1660450327970" name="All files">
    <metrics statements="24" coveredstatements="24" conditionals="10" coveredconditionals="9" methods="3" coveredmethods="3" elements="37" coveredelements="36" complexity="0" loc="24" ncloc="24" packages="1" files="1" classes="1"/>
    <file name="quick-sort.js" path="/home/fabio/Documentos/full cycle/ci/sonarqube/desafiojs/src/quick-sort.js">
      <metrics statements="24" coveredstatements="24" conditionals="10" coveredconditionals="9" methods="3" coveredmethods="3"/>
      <line num="2" count="29" type="stmt"/>
      <line num="3" count="29" type="stmt"/>
      <line num="4" count="29" type="stmt"/>
      <line num="7" count="24" type="stmt"/>
      <line num="8" count="24" type="stmt"/>
      <line num="9" count="24" type="stmt"/>
      <line num="10" count="24" type="stmt"/>
      <line num="11" count="31" type="stmt"/>
      <line num="12" count="23" type="stmt"/>
      <line num="14" count="31" type="stmt"/>
      <line num="15" count="32" type="stmt"/>
      <line num="17" count="31" type="cond" truecount="2" falsecount="0"/>
      <line num="18" count="29" type="stmt"/>
      <line num="19" count="29" type="stmt"/>
      <line num="20" count="29" type="stmt"/>
      <line num="23" count="24" type="stmt"/>
      <line num="28" count="24" type="cond" truecount="1" falsecount="1"/>
      <line num="29" count="24" type="stmt"/>
      <line num="30" count="24" type="cond" truecount="2" falsecount="0"/>
      <line num="31" count="13" type="stmt"/>
      <line num="33" count="24" type="cond" truecount="2" falsecount="0"/>
      <line num="34" count="8" type="stmt"/>
      <line num="37" count="24" type="stmt"/>
      <line num="40" count="1" type="stmt"/>
    </file>
  </project>
</coverage>
