{"/home/fabio/Documentos/full cycle/ci/sonarqube/desafiojs/src/quick-sort.js": {"path":"/home/fabio/Documentos/full cycle/ci/sonarqube/desafiojs/src/quick-sort.js","statementMap":{"0":{"start":{"line":2,"column":15},"end":{"line":2,"column":31}},"1":{"start":{"line":3,"column":4},"end":{"line":3,"column":41}},"2":{"start":{"line":4,"column":4},"end":{"line":4,"column":29}},"3":{"start":{"line":7,"column":16},"end":{"line":7,"column":53}},"4":{"start":{"line":8,"column":12},"end":{"line":8,"column":16}},"5":{"start":{"line":9,"column":12},"end":{"line":9,"column":17}},"6":{"start":{"line":10,"column":4},"end":{"line":22,"column":5}},"7":{"start":{"line":11,"column":8},"end":{"line":13,"column":9}},"8":{"start":{"line":12,"column":12},"end":{"line":12,"column":16}},"9":{"start":{"line":14,"column":8},"end":{"line":16,"column":9}},"10":{"start":{"line":15,"column":12},"end":{"line":15,"column":16}},"11":{"start":{"line":17,"column":8},"end":{"line":21,"column":9}},"12":{"start":{"line":18,"column":12},"end":{"line":18,"column":30}},"13":{"start":{"line":19,"column":12},"end":{"line":19,"column":16}},"14":{"start":{"line":20,"column":12},"end":{"line":20,"column":16}},"15":{"start":{"line":23,"column":4},"end":{"line":23,"column":13}},"16":{"start":{"line":28,"column":4},"end":{"line":36,"column":5}},"17":{"start":{"line":29,"column":8},"end":{"line":29,"column":46}},"18":{"start":{"line":30,"column":8},"end":{"line":32,"column":9}},"19":{"start":{"line":31,"column":12},"end":{"line":31,"column":46}},"20":{"start":{"line":33,"column":8},"end":{"line":35,"column":9}},"21":{"start":{"line":34,"column":12},"end":{"line":34,"column":43}},"22":{"start":{"line":37,"column":4},"end":{"line":37,"column":17}},"23":{"start":{"line":40,"column":0},"end":{"line":40,"column":27}}},"fnMap":{"0":{"name":"swap","decl":{"start":{"line":1,"column":9},"end":{"line":1,"column":13}},"loc":{"start":{"line":1,"column":43},"end":{"line":5,"column":1}},"line":1},"1":{"name":"partition","decl":{"start":{"line":6,"column":9},"end":{"line":6,"column":18}},"loc":{"start":{"line":6,"column":39},"end":{"line":24,"column":1}},"line":6},"2":{"name":"quickSort","decl":{"start":{"line":26,"column":9},"end":{"line":26,"column":18}},"loc":{"start":{"line":26,"column":61},"end":{"line":38,"column":1}},"line":26}},"branchMap":{"0":{"loc":{"start":{"line":17,"column":8},"end":{"line":21,"column":9}},"type":"if","locations":[{"start":{"line":17,"column":8},"end":{"line":21,"column":9}},{"start":{},"end":{}}],"line":17},"1":{"loc":{"start":{"line":26,"column":26},"end":{"line":26,"column":34}},"type":"default-arg","locations":[{"start":{"line":26,"column":33},"end":{"line":26,"column":34}}],"line":26},"2":{"loc":{"start":{"line":26,"column":36},"end":{"line":26,"column":59}},"type":"default-arg","locations":[{"start":{"line":26,"column":44},"end":{"line":26,"column":59}}],"line":26},"3":{"loc":{"start":{"line":28,"column":4},"end":{"line":36,"column":5}},"type":"if","locations":[{"start":{"line":28,"column":4},"end":{"line":36,"column":5}},{"start":{},"end":{}}],"line":28},"4":{"loc":{"start":{"line":30,"column":8},"end":{"line":32,"column":9}},"type":"if","locations":[{"start":{"line":30,"column":8},"end":{"line":32,"column":9}},{"start":{},"end":{}}],"line":30},"5":{"loc":{"start":{"line":33,"column":8},"end":{"line":35,"column":9}},"type":"if","locations":[{"start":{"line":33,"column":8},"end":{"line":35,"column":9}},{"start":{},"end":{}}],"line":33}},"s":{"0":29,"1":29,"2":29,"3":24,"4":24,"5":24,"6":24,"7":31,"8":23,"9":31,"10":32,"11":31,"12":29,"13":29,"14":29,"15":24,"16":24,"17":24,"18":24,"19":13,"20":24,"21":8,"22":24,"23":1},"f":{"0":29,"1":24,"2":24},"b":{"0":[29,2],"1":[3],"2":[3],"3":[24,0],"4":[13,11],"5":[8,16]},"_coverageSchema":"1a1c01bbd47fc00a2c39e90264f33305004495a9","hash":"40bda3aac239a1d4e2e099d24b7d0793f73b4b28"}
}
