TN:
SF:src/quick-sort.js
FN:1,swap
FN:6,partition
FN:26,quickSort
FNF:3
FNH:3
FNDA:29,swap
FNDA:24,partition
FNDA:24,quickSort
DA:2,29
DA:3,29
DA:4,29
DA:7,24
DA:8,24
DA:9,24
DA:10,24
DA:11,31
DA:12,23
DA:14,31
DA:15,32
DA:17,31
DA:18,29
DA:19,29
DA:20,29
DA:23,24
DA:28,24
DA:29,24
DA:30,24
DA:31,13
DA:33,24
DA:34,8
DA:37,24
DA:40,1
LF:24
LH:24
BRDA:17,0,0,29
BRDA:17,0,1,2
BRDA:26,1,0,3
BRDA:26,2,0,3
BRDA:28,3,0,24
BRDA:28,3,1,0
BRDA:30,4,0,13
BRDA:30,4,1,11
BRDA:33,5,0,8
BRDA:33,5,1,16
BRF:10
BRH:9
end_of_record
